{"/Users/dvdchavarri/Documents/oscarwinner-names/src/index.js":{"path":"/Users/dvdchavarri/Documents/oscarwinner-names/src/index.js","s":{"1":1,"2":1,"3":1,"4":1,"5":1,"6":2,"7":1,"8":1,"9":1,"10":3,"11":1,"12":1,"13":0},"b":{"1":[1,1]},"f":{"1":2,"2":0},"fnMap":{"1":{"name":"random","line":10,"loc":{"start":{"line":10,"column":0},"end":{"line":10,"column":23}}},"2":{"name":"doSomething","line":22,"loc":{"start":{"line":22,"column":0},"end":{"line":22,"column":22}}}},"statementMap":{"1":{"start":{"line":1,"column":0},"end":{"line":1,"column":55}},"2":{"start":{"line":2,"column":0},"end":{"line":2,"column":59}},"3":{"start":{"line":3,"column":0},"end":{"line":3,"column":56}},"4":{"start":{"line":5,"column":0},"end":{"line":8,"column":2}},"5":{"start":{"line":10,"column":0},"end":{"line":20,"column":1}},"6":{"start":{"line":11,"column":1},"end":{"line":19,"column":2}},"7":{"start":{"line":12,"column":2},"end":{"line":12,"column":25}},"8":{"start":{"line":14,"column":2},"end":{"line":14,"column":23}},"9":{"start":{"line":15,"column":2},"end":{"line":17,"column":3}},"10":{"start":{"line":16,"column":3},"end":{"line":16,"column":37}},"11":{"start":{"line":18,"column":2},"end":{"line":18,"column":21}},"12":{"start":{"line":22,"column":0},"end":{"line":24,"column":1}},"13":{"start":{"line":23,"column":1},"end":{"line":23,"column":20}}},"branchMap":{"1":{"line":11,"type":"if","locations":[{"start":{"line":11,"column":1},"end":{"line":11,"column":1}},{"start":{"line":11,"column":1},"end":{"line":11,"column":1}}]}}}}